#
# This file was autogenerated by WIPACrepo/wipac-dev-py-setup-action
#   from `pip install .[semver]`
#   using Python 3.11.
#
########################################################################
#  pip freeze
########################################################################
certifi==2024.2.2
charset-normalizer==3.3.2
idna==3.6
requests==2.31.0
semantic-version==2.10.0
typing_extensions==4.9.0
urllib3==2.2.0
########################################################################
#  pipdeptree
########################################################################
pip==23.2.1
pipdeptree==2.13.2
semantic-version==2.10.0
setuptools==65.5.1
wheel==0.42.0
wipac-dev-tools
├── requests [required: Any, installed: 2.31.0]
│   ├── certifi [required: >=2017.4.17, installed: 2024.2.2]
│   ├── charset-normalizer [required: >=2,<4, installed: 3.3.2]
│   ├── idna [required: >=2.5,<4, installed: 3.6]
│   └── urllib3 [required: >=1.21.1,<3, installed: 2.2.0]
└── typing-extensions [required: Any, installed: 4.9.0]
