#
# This file was autogenerated by WIPACrepo/wipac-dev-py-setup-action
#   from `pip install .[coloredlogs]`
#   using Python 3.12.
#
########################################################################
#  pip freeze
########################################################################
coloredlogs==15.0.1
humanfriendly==10.0
importlib_metadata==7.1.0
setuptools==69.5.1
wheel==0.43.0
zipp==3.19.1
########################################################################
#  pipdeptree
########################################################################
coloredlogs==15.0.1
└── humanfriendly [required: >=9.1, installed: 10.0]
pipdeptree==2.21.0
├── packaging [required: >=23.1, installed: 24.0]
└── pip [required: >=23.1.2, installed: 24.0]
setuptools==69.5.1
wheel==0.43.0
wipac-dev-tools
└── importlib_metadata [required: Any, installed: 7.1.0]
    └── zipp [required: >=0.5, installed: 3.19.1]
