#
# This file was autogenerated by  using Python 3.11.6.
#
########################################################################
#  pip freeze
########################################################################
certifi==2023.7.22
charset-normalizer==3.3.1
idna==3.4
requests==2.31.0
typing_extensions==4.8.0
urllib3==2.0.7
########################################################################
#  pipdeptree
########################################################################
pip==23.2.1
pipdeptree==2.13.0
setuptools==65.5.1
wheel==0.41.2
wipac-dev-tools
├── requests [required: Any, installed: 2.31.0]
│   ├── certifi [required: >=2017.4.17, installed: 2023.7.22]
│   ├── charset-normalizer [required: >=2,<4, installed: 3.3.1]
│   ├── idna [required: >=2.5,<4, installed: 3.4]
│   └── urllib3 [required: >=1.21.1,<3, installed: 2.0.7]
└── typing-extensions [required: Any, installed: 4.8.0]
