#
# This file was autogenerated by WIPACrepo/wipac-dev-py-dependencies-action
#   from `pip install .[jsonschema]`
#   using Python 3.13.
#
########################################################################
#  pip freeze
########################################################################
attrs==25.3.0
certifi==2025.1.31
charset-normalizer==3.4.1
idna==3.10
jsonschema==4.23.0
jsonschema-specifications==2024.10.1
referencing==0.36.2
requests==2.32.3
rpds-py==0.24.0
typing_extensions==4.13.2
urllib3==2.4.0
########################################################################
#  pipdeptree
########################################################################
jsonschema==4.23.0
├── attrs [required: >=22.2.0, installed: 25.3.0]
├── jsonschema-specifications [required: >=2023.03.6, installed: 2024.10.1]
│   └── referencing [required: >=0.31.0, installed: 0.36.2]
│       ├── attrs [required: >=22.2.0, installed: 25.3.0]
│       └── rpds-py [required: >=0.7.0, installed: 0.24.0]
├── referencing [required: >=0.28.4, installed: 0.36.2]
│   ├── attrs [required: >=22.2.0, installed: 25.3.0]
│   └── rpds-py [required: >=0.7.0, installed: 0.24.0]
└── rpds-py [required: >=0.7.1, installed: 0.24.0]
pipdeptree==2.26.0
├── packaging [required: >=24.1, installed: 24.2]
└── pip [required: >=24.2, installed: 25.0.1]
wipac-dev-tools
├── requests [required: Any, installed: 2.32.3]
│   ├── charset-normalizer [required: >=2,<4, installed: 3.4.1]
│   ├── idna [required: >=2.5,<4, installed: 3.10]
│   ├── urllib3 [required: >=1.21.1,<3, installed: 2.4.0]
│   └── certifi [required: >=2017.4.17, installed: 2025.1.31]
└── typing_extensions [required: Any, installed: 4.13.2]
