#
# This file was autogenerated by WIPACrepo/wipac-dev-py-dependencies-action
#   from `pip install .[semver]`
#   using Python 3.13.
#
########################################################################
#  pip freeze
########################################################################
certifi==2024.8.30
charset-normalizer==3.4.0
idna==3.10
requests==2.32.3
semantic-version==2.10.0
typing_extensions==4.12.2
urllib3==2.2.3
########################################################################
#  pipdeptree
########################################################################
pipdeptree==2.23.4
├── packaging [required: >=24.1, installed: 24.1]
└── pip [required: >=24.2, installed: 24.2]
semantic-version==2.10.0
wipac-dev-tools
├── requests [required: Any, installed: 2.32.3]
│   ├── certifi [required: >=2017.4.17, installed: 2024.8.30]
│   ├── charset-normalizer [required: >=2,<4, installed: 3.4.0]
│   ├── idna [required: >=2.5,<4, installed: 3.10]
│   └── urllib3 [required: >=1.21.1,<3, installed: 2.2.3]
└── typing_extensions [required: Any, installed: 4.12.2]
