#
# This file was autogenerated by WIPACrepo/wipac-dev-py-dependencies-action
#   from `pip install .[mongo]`
#   using Python 3.13.
#
########################################################################
#  pip freeze
########################################################################
certifi==2025.1.31
charset-normalizer==3.4.1
dnspython==2.7.0
idna==3.10
motor==3.7.0
pymongo==4.12.0
requests==2.32.3
typing_extensions==4.13.1
urllib3==2.3.0
########################################################################
#  pipdeptree
########################################################################
motor==3.7.0
└── pymongo [required: >=4.9,<5.0, installed: 4.12.0]
    └── dnspython [required: >=1.16.0,<3.0.0, installed: 2.7.0]
pipdeptree==2.26.0
├── packaging [required: >=24.1, installed: 24.2]
└── pip [required: >=24.2, installed: 25.0.1]
wipac-dev-tools
├── requests [required: Any, installed: 2.32.3]
│   ├── charset-normalizer [required: >=2,<4, installed: 3.4.1]
│   ├── idna [required: >=2.5,<4, installed: 3.10]
│   ├── urllib3 [required: >=1.21.1,<3, installed: 2.3.0]
│   └── certifi [required: >=2017.4.17, installed: 2025.1.31]
└── typing_extensions [required: Any, installed: 4.13.1]
